e:\выч практика лето 2023\matchgame\matchgame\x64\debug\matchgame.pch
e:\выч практика лето 2023\matchgame\matchgame\x64\debug\vc143.pdb
e:\выч практика лето 2023\matchgame\matchgame\x64\debug\pch.obj
e:\выч практика лето 2023\matchgame\matchgame\x64\debug\gratitude.obj
e:\выч практика лето 2023\matchgame\matchgame\x64\debug\end2.obj
e:\выч практика лето 2023\matchgame\matchgame\x64\debug\bd_users_info.obj
e:\выч практика лето 2023\matchgame\matchgame\x64\debug\assemblyinfo.obj
e:\выч практика лето 2023\matchgame\matchgame\x64\debug\admin_screen.obj
e:\выч практика лето 2023\matchgame\matchgame\x64\debug\account.obj
e:\выч практика лето 2023\matchgame\matchgame\x64\debug\about.obj
e:\выч практика лето 2023\matchgame\matchgame\x64\debug\review.obj
e:\выч практика лето 2023\matchgame\matchgame\x64\debug\rating.obj
e:\выч практика лето 2023\matchgame\matchgame\x64\debug\level_5_meals.obj
e:\выч практика лето 2023\matchgame\matchgame\x64\debug\level_5_cars.obj
e:\выч практика лето 2023\matchgame\matchgame\x64\debug\level_4_princesses.obj
e:\выч практика лето 2023\matchgame\matchgame\x64\debug\level_4_meals.obj
e:\выч практика лето 2023\matchgame\matchgame\x64\debug\level_4_cars.obj
e:\выч практика лето 2023\matchgame\matchgame\x64\debug\level_3_princesses.obj
e:\выч практика лето 2023\matchgame\matchgame\x64\debug\level_3_meals.obj
e:\выч практика лето 2023\matchgame\matchgame\x64\debug\level_3_cars.obj
e:\выч практика лето 2023\matchgame\matchgame\x64\debug\level_2_princesses.obj
e:\выч практика лето 2023\matchgame\matchgame\x64\debug\level_2_meals.obj
e:\выч практика лето 2023\matchgame\matchgame\x64\debug\level_2_cars.obj
e:\выч практика лето 2023\matchgame\matchgame\x64\debug\level_1_princesses.obj
e:\выч практика лето 2023\matchgame\matchgame\x64\debug\level_1_meals.obj
e:\выч практика лето 2023\matchgame\matchgame\x64\debug\level_1_cars.obj
e:\выч практика лето 2023\matchgame\matchgame\x64\debug\form1.obj
e:\выч практика лето 2023\matchgame\matchgame\x64\debug\end.obj
e:\выч практика лето 2023\matchgame\matchgame\x64\debug\cppclr_winformsproject.obj
e:\выч практика лето 2023\matchgame\matchgame\x64\debug\register.obj
e:\выч практика лето 2023\matchgame\matchgame\x64\debug\login.obj
e:\выч практика лето 2023\matchgame\matchgame\x64\debug\level_5_princesses.obj
e:\выч практика лето 2023\matchgame\matchgame\x64\debug\.netframework,version=v4.7.2.assemblyattributes.obj
e:\выч практика лето 2023\matchgame\matchgame\x64\debug\crypto.obj
e:\выч практика лето 2023\matchgame\matchgame\x64\debug\app.res
e:\выч практика лето 2023\matchgame\x64\debug\matchgame.exe
e:\выч практика лето 2023\matchgame\x64\debug\matchgame.pdb
e:\выч практика лето 2023\matchgame\matchgame\x64\debug\matchgame.tlog\cl.command.1.tlog
e:\выч практика лето 2023\matchgame\matchgame\x64\debug\matchgame.tlog\cl.items.tlog
e:\выч практика лето 2023\matchgame\matchgame\x64\debug\matchgame.tlog\cl.read.1.tlog
e:\выч практика лето 2023\matchgame\matchgame\x64\debug\matchgame.tlog\cl.write.1.tlog
e:\выч практика лето 2023\matchgame\matchgame\x64\debug\matchgame.tlog\link.29876-cvtres.read.1.tlog
e:\выч практика лето 2023\matchgame\matchgame\x64\debug\matchgame.tlog\link.29876-cvtres.write.1.tlog
e:\выч практика лето 2023\matchgame\matchgame\x64\debug\matchgame.tlog\link.29876-rc.read.1.tlog
e:\выч практика лето 2023\matchgame\matchgame\x64\debug\matchgame.tlog\link.29876-rc.write.1.tlog
e:\выч практика лето 2023\matchgame\matchgame\x64\debug\matchgame.tlog\link.29876.read.1.tlog
e:\выч практика лето 2023\matchgame\matchgame\x64\debug\matchgame.tlog\link.29876.read.2.tlog
e:\выч практика лето 2023\matchgame\matchgame\x64\debug\matchgame.tlog\link.29876.write.1.tlog
e:\выч практика лето 2023\matchgame\matchgame\x64\debug\matchgame.tlog\link.31012-cvtres.read.1.tlog
e:\выч практика лето 2023\matchgame\matchgame\x64\debug\matchgame.tlog\link.31012-cvtres.write.1.tlog
e:\выч практика лето 2023\matchgame\matchgame\x64\debug\matchgame.tlog\link.31012-rc.read.1.tlog
e:\выч практика лето 2023\matchgame\matchgame\x64\debug\matchgame.tlog\link.31012-rc.write.1.tlog
e:\выч практика лето 2023\matchgame\matchgame\x64\debug\matchgame.tlog\link.31012.read.1.tlog
e:\выч практика лето 2023\matchgame\matchgame\x64\debug\matchgame.tlog\link.31012.read.2.tlog
e:\выч практика лето 2023\matchgame\matchgame\x64\debug\matchgame.tlog\link.31012.write.1.tlog
e:\выч практика лето 2023\matchgame\matchgame\x64\debug\matchgame.tlog\link.command.1.tlog
e:\выч практика лето 2023\matchgame\matchgame\x64\debug\matchgame.tlog\link.read.1.tlog
e:\выч практика лето 2023\matchgame\matchgame\x64\debug\matchgame.tlog\link.read.2.tlog
e:\выч практика лето 2023\matchgame\matchgame\x64\debug\matchgame.tlog\link.write.1.tlog
e:\выч практика лето 2023\matchgame\matchgame\x64\debug\matchgame.tlog\metagen.read.1.tlog
e:\выч практика лето 2023\matchgame\matchgame\x64\debug\matchgame.tlog\metagen.write.1.tlog
e:\выч практика лето 2023\matchgame\matchgame\x64\debug\matchgame.tlog\rc.command.1.tlog
e:\выч практика лето 2023\matchgame\matchgame\x64\debug\matchgame.tlog\rc.read.1.tlog
e:\выч практика лето 2023\matchgame\matchgame\x64\debug\matchgame.tlog\rc.write.1.tlog
e:\выч практика лето 2023\matchgame\matchgame\x64\debug\matchgame.tlog\resgen.command.1.tlog
e:\выч практика лето 2023\matchgame\matchgame\x64\debug\matchgame.tlog\resgen.read.1.tlog
e:\выч практика лето 2023\matchgame\matchgame\x64\debug\matchgame.tlog\resgen.write.1.tlog
